12/17,8:19pm>INFO><span style="color:blue">header.inc.php:47:</span>:<span style="color:red">start for home</span> <br>
12/17,8:19pm>INFO><span style="color:blue">header.inc.php:53:</span>:<span style="color:red">in_directory </span> <span style="color:green"><br><span style="text-indent: 40px"> Pornhub </span> </span><br>
12/17,8:19pm>INFO><span style="color:blue">header.inc.php:54:</span>:<span style="color:red">_SESSION _SESSION </span> <span style="color:green"><br><span style="text-indent: 40px"> array (   'library' => 'Pornhub',   'direction' => 'DESC',   'sort' =><br>'studio', ) </span> </span><br>
12/17,8:19pm>INFO><span style="color:blue">home.php:11:</span>:<span style="color:red">studios</span> <span style="color:green"><br><span style="text-indent: 40px"> SELECT studio from metatags_filedb WHERE library = 'Pornhub'  GROUP BY studio<br>ORDER BY studio ASC </span> </span><br>
12/17,8:19pm>INFO><span style="color:blue">home.php:40:</span>:<span style="color:red">Studios</span> <span style="color:green"><br><span style="text-indent: 40px"> SELECT count(video_key) as cnt from metatags_filedb WHERE  library = 'Pornhub'<br>AND  studio  LIKE "Amateur" and substudio is null GROUP BY studio ORDER BY<br>studio ASC </span> </span><br>
12/17,8:19pm>INFO><span style="color:blue">home.php:48:</span>:<span style="color:red">Sub studios</span> <span style="color:green"><br><span style="text-indent: 40px"> SELECT count(substudio) as cnt, substudio from metatags_filedb WHERE  library =<br>'Pornhub' AND  studio   LIKE "Amateur" GROUP BY substudio ORDER BY substudio ASC<br> </span> </span><br>
12/17,8:19pm>INFO><span style="color:blue">home.php:40:</span>:<span style="color:red">Studios</span> <span style="color:green"><br><span style="text-indent: 40px"> SELECT count(video_key) as cnt from metatags_filedb WHERE  library = 'Pornhub'<br>AND  studio  LIKE "Channels" and substudio is null GROUP BY studio ORDER BY<br>studio ASC </span> </span><br>
12/17,8:19pm>INFO><span style="color:blue">home.php:48:</span>:<span style="color:red">Sub studios</span> <span style="color:green"><br><span style="text-indent: 40px"> SELECT count(substudio) as cnt, substudio from metatags_filedb WHERE  library =<br>'Pornhub' AND  studio   LIKE "Channels" GROUP BY substudio ORDER BY substudio<br>ASC  </span> </span><br>
12/17,8:19pm>INFO><span style="color:blue">home.php:40:</span>:<span style="color:red">Studios</span> <span style="color:green"><br><span style="text-indent: 40px"> SELECT count(video_key) as cnt from metatags_filedb WHERE  library = 'Pornhub'<br>AND  studio  LIKE "Downloads" and substudio is null GROUP BY studio ORDER BY<br>studio ASC </span> </span><br>
12/17,8:19pm>INFO><span style="color:blue">home.php:48:</span>:<span style="color:red">Sub studios</span> <span style="color:green"><br><span style="text-indent: 40px"> SELECT count(substudio) as cnt, substudio from metatags_filedb WHERE  library =<br>'Pornhub' AND  studio   LIKE "Downloads" GROUP BY substudio ORDER BY substudio<br>ASC  </span> </span><br>
12/17,8:19pm>INFO><span style="color:blue">home.php:40:</span>:<span style="color:red">Studios</span> <span style="color:green"><br><span style="text-indent: 40px"> SELECT count(video_key) as cnt from metatags_filedb WHERE  library = 'Pornhub'<br>AND  studio  LIKE "Family" and substudio is null GROUP BY studio ORDER BY studio<br>ASC </span> </span><br>
12/17,8:19pm>INFO><span style="color:blue">home.php:48:</span>:<span style="color:red">Sub studios</span> <span style="color:green"><br><span style="text-indent: 40px"> SELECT count(substudio) as cnt, substudio from metatags_filedb WHERE  library =<br>'Pornhub' AND  studio   LIKE "Family" GROUP BY substudio ORDER BY substudio ASC  </span> </span><br>
12/17,8:19pm>INFO><span style="color:blue">home.php:40:</span>:<span style="color:red">Studios</span> <span style="color:green"><br><span style="text-indent: 40px"> SELECT count(video_key) as cnt from metatags_filedb WHERE  library = 'Pornhub'<br>AND  studio  LIKE "Favorite" and substudio is null GROUP BY studio ORDER BY<br>studio ASC </span> </span><br>
12/17,8:19pm>INFO><span style="color:blue">home.php:48:</span>:<span style="color:red">Sub studios</span> <span style="color:green"><br><span style="text-indent: 40px"> SELECT count(substudio) as cnt, substudio from metatags_filedb WHERE  library =<br>'Pornhub' AND  studio   LIKE "Favorite" GROUP BY substudio ORDER BY substudio<br>ASC  </span> </span><br>
12/17,8:19pm>INFO><span style="color:blue">home.php:40:</span>:<span style="color:red">Studios</span> <span style="color:green"><br><span style="text-indent: 40px"> SELECT count(video_key) as cnt from metatags_filedb WHERE  library = 'Pornhub'<br>AND  studio  LIKE "Sort" and substudio is null GROUP BY studio ORDER BY studio<br>ASC </span> </span><br>
12/17,8:19pm>INFO><span style="color:blue">home.php:48:</span>:<span style="color:red">Sub studios</span> <span style="color:green"><br><span style="text-indent: 40px"> SELECT count(substudio) as cnt, substudio from metatags_filedb WHERE  library =<br>'Pornhub' AND  studio   LIKE "Sort" GROUP BY substudio ORDER BY substudio ASC  </span> </span><br>
12/17,8:19pm>INFO><span style="color:blue">home.php:40:</span>:<span style="color:red">Studios</span> <span style="color:green"><br><span style="text-indent: 40px"> SELECT count(video_key) as cnt from metatags_filedb WHERE  library = 'Pornhub'<br>AND  studio  LIKE "stuff" and substudio is null GROUP BY studio ORDER BY studio<br>ASC </span> </span><br>
12/17,8:19pm>INFO><span style="color:blue">home.php:48:</span>:<span style="color:red">Sub studios</span> <span style="color:green"><br><span style="text-indent: 40px"> SELECT count(substudio) as cnt, substudio from metatags_filedb WHERE  library =<br>'Pornhub' AND  studio   LIKE "stuff" GROUP BY substudio ORDER BY substudio ASC  </span> </span><br>
12/17,8:19pm>INFO><span style="color:blue">header.inc.php:53:</span>:<span style="color:red">in_directory </span> <span style="color:green"><br><span style="text-indent: 40px"> Pornhub </span> </span><br>
12/17,8:19pm>INFO><span style="color:blue">header.inc.php:54:</span>:<span style="color:red">_SESSION _SESSION </span> <span style="color:green"><br><span style="text-indent: 40px"> array (   'library' => 'Pornhub',   'direction' => 'DESC',   'sort' =><br>'studio', ) </span> </span><br>
12/17,8:19pm>INFO><span style="color:blue">header.inc.php:47:</span>:<span style="color:red">start for genre</span> <br>
12/17,8:19pm>INFO><span style="color:blue">header.inc.php:53:</span>:<span style="color:red">in_directory </span> <span style="color:green"><br><span style="text-indent: 40px"> Pornhub </span> </span><br>
12/17,8:19pm>INFO><span style="color:blue">header.inc.php:54:</span>:<span style="color:red">_SESSION _SESSION </span> <span style="color:green"><br><span style="text-indent: 40px"> array (   'library' => 'Pornhub',   'direction' => 'DESC',   'sort' =><br>'studio', ) </span> </span><br>
12/17,8:19pm>INFO><span style="color:blue">genre.php:54:</span>:<span style="color:red">qyefasd</span> <span style="color:green"><br><span style="text-indent: 40px"> SELECT DISTINCT(genre) as genre, count(genre) as cnt  from metatags_filedb WHERE<br> library = 'Pornhub' AND substudio = 'AlenaKalashnikov Productions'  GROUP BY<br>genre ORDER BY genre ASC </span> </span><br>
12/17,8:19pm>INFO><span style="color:blue">header.inc.php:53:</span>:<span style="color:red">in_directory </span> <span style="color:green"><br><span style="text-indent: 40px"> Pornhub </span> </span><br>
12/17,8:19pm>INFO><span style="color:blue">header.inc.php:54:</span>:<span style="color:red">_SESSION _SESSION </span> <span style="color:green"><br><span style="text-indent: 40px"> array (   'library' => 'Pornhub',   'direction' => 'DESC',   'sort' =><br>'studio', ) </span> </span><br>
12/17,8:19pm>INFO><span style="color:blue">header.inc.php:47:</span>:<span style="color:red">start for files</span> <br>
12/17,8:19pm>INFO><span style="color:blue">header.inc.php:53:</span>:<span style="color:red">in_directory </span> <span style="color:green"><br><span style="text-indent: 40px"> Pornhub </span> </span><br>
12/17,8:19pm>INFO><span style="color:blue">header.inc.php:54:</span>:<span style="color:red">_SESSION _SESSION </span> <span style="color:green"><br><span style="text-indent: 40px"> array (   'library' => 'Pornhub',   'direction' => 'DESC',   'sort' =><br>'studio', ) </span> </span><br>
12/17,8:19pm>INFO><span style="color:blue">files.php:77:</span>:<span style="color:red">qyefasd</span> <span style="color:green"><br><span style="text-indent: 40px"> SELECT<br>id,video_key,filename,thumbnail,title,artist,genre,studio,substudio,duration,favorite,fullpath<br>from metatags_filedb WHERE substudio = 'AlenaKalashnikov Productions' AND<br>library = 'Pornhub' ORDER BY studio DESC LIMIT 20 </span> </span><br>
12/17,8:19pm>INFO><span style="color:blue">header.inc.php:53:</span>:<span style="color:red">in_directory </span> <span style="color:green"><br><span style="text-indent: 40px"> Pornhub </span> </span><br>
12/17,8:19pm>INFO><span style="color:blue">header.inc.php:54:</span>:<span style="color:red">_SESSION _SESSION </span> <span style="color:green"><br><span style="text-indent: 40px"> array (   'library' => 'Pornhub',   'direction' => 'DESC',   'sort' =><br>'studio', ) </span> </span><br>
12/17,8:19pm>INFO><span style="color:blue">header.inc.php:47:</span>:<span style="color:red">start for home</span> <br>
12/17,8:19pm>INFO><span style="color:blue">header.inc.php:53:</span>:<span style="color:red">in_directory </span> <span style="color:green"><br><span style="text-indent: 40px"> Pornhub </span> </span><br>
12/17,8:19pm>INFO><span style="color:blue">header.inc.php:54:</span>:<span style="color:red">_SESSION _SESSION </span> <span style="color:green"><br><span style="text-indent: 40px"> array (   'library' => 'Pornhub',   'direction' => 'DESC',   'sort' =><br>'studio', ) </span> </span><br>
12/17,8:19pm>INFO><span style="color:blue">home.php:11:</span>:<span style="color:red">studios</span> <span style="color:green"><br><span style="text-indent: 40px"> SELECT studio from metatags_filedb WHERE library = 'Pornhub'  GROUP BY studio<br>ORDER BY studio ASC </span> </span><br>
12/17,8:19pm>INFO><span style="color:blue">home.php:40:</span>:<span style="color:red">Studios</span> <span style="color:green"><br><span style="text-indent: 40px"> SELECT count(video_key) as cnt from metatags_filedb WHERE  library = 'Pornhub'<br>AND  studio  LIKE "Amateur" and substudio is null GROUP BY studio ORDER BY<br>studio ASC </span> </span><br>
12/17,8:19pm>INFO><span style="color:blue">home.php:48:</span>:<span style="color:red">Sub studios</span> <span style="color:green"><br><span style="text-indent: 40px"> SELECT count(substudio) as cnt, substudio from metatags_filedb WHERE  library =<br>'Pornhub' AND  studio   LIKE "Amateur" GROUP BY substudio ORDER BY substudio ASC<br> </span> </span><br>
12/17,8:19pm>INFO><span style="color:blue">home.php:40:</span>:<span style="color:red">Studios</span> <span style="color:green"><br><span style="text-indent: 40px"> SELECT count(video_key) as cnt from metatags_filedb WHERE  library = 'Pornhub'<br>AND  studio  LIKE "Channels" and substudio is null GROUP BY studio ORDER BY<br>studio ASC </span> </span><br>
12/17,8:19pm>INFO><span style="color:blue">home.php:48:</span>:<span style="color:red">Sub studios</span> <span style="color:green"><br><span style="text-indent: 40px"> SELECT count(substudio) as cnt, substudio from metatags_filedb WHERE  library =<br>'Pornhub' AND  studio   LIKE "Channels" GROUP BY substudio ORDER BY substudio<br>ASC  </span> </span><br>
12/17,8:19pm>INFO><span style="color:blue">home.php:40:</span>:<span style="color:red">Studios</span> <span style="color:green"><br><span style="text-indent: 40px"> SELECT count(video_key) as cnt from metatags_filedb WHERE  library = 'Pornhub'<br>AND  studio  LIKE "Downloads" and substudio is null GROUP BY studio ORDER BY<br>studio ASC </span> </span><br>
12/17,8:19pm>INFO><span style="color:blue">home.php:48:</span>:<span style="color:red">Sub studios</span> <span style="color:green"><br><span style="text-indent: 40px"> SELECT count(substudio) as cnt, substudio from metatags_filedb WHERE  library =<br>'Pornhub' AND  studio   LIKE "Downloads" GROUP BY substudio ORDER BY substudio<br>ASC  </span> </span><br>
12/17,8:19pm>INFO><span style="color:blue">home.php:40:</span>:<span style="color:red">Studios</span> <span style="color:green"><br><span style="text-indent: 40px"> SELECT count(video_key) as cnt from metatags_filedb WHERE  library = 'Pornhub'<br>AND  studio  LIKE "Family" and substudio is null GROUP BY studio ORDER BY studio<br>ASC </span> </span><br>
12/17,8:19pm>INFO><span style="color:blue">home.php:48:</span>:<span style="color:red">Sub studios</span> <span style="color:green"><br><span style="text-indent: 40px"> SELECT count(substudio) as cnt, substudio from metatags_filedb WHERE  library =<br>'Pornhub' AND  studio   LIKE "Family" GROUP BY substudio ORDER BY substudio ASC  </span> </span><br>
12/17,8:19pm>INFO><span style="color:blue">home.php:40:</span>:<span style="color:red">Studios</span> <span style="color:green"><br><span style="text-indent: 40px"> SELECT count(video_key) as cnt from metatags_filedb WHERE  library = 'Pornhub'<br>AND  studio  LIKE "Favorite" and substudio is null GROUP BY studio ORDER BY<br>studio ASC </span> </span><br>
12/17,8:19pm>INFO><span style="color:blue">home.php:48:</span>:<span style="color:red">Sub studios</span> <span style="color:green"><br><span style="text-indent: 40px"> SELECT count(substudio) as cnt, substudio from metatags_filedb WHERE  library =<br>'Pornhub' AND  studio   LIKE "Favorite" GROUP BY substudio ORDER BY substudio<br>ASC  </span> </span><br>
12/17,8:19pm>INFO><span style="color:blue">home.php:40:</span>:<span style="color:red">Studios</span> <span style="color:green"><br><span style="text-indent: 40px"> SELECT count(video_key) as cnt from metatags_filedb WHERE  library = 'Pornhub'<br>AND  studio  LIKE "Sort" and substudio is null GROUP BY studio ORDER BY studio<br>ASC </span> </span><br>
12/17,8:19pm>INFO><span style="color:blue">home.php:48:</span>:<span style="color:red">Sub studios</span> <span style="color:green"><br><span style="text-indent: 40px"> SELECT count(substudio) as cnt, substudio from metatags_filedb WHERE  library =<br>'Pornhub' AND  studio   LIKE "Sort" GROUP BY substudio ORDER BY substudio ASC  </span> </span><br>
12/17,8:19pm>INFO><span style="color:blue">home.php:40:</span>:<span style="color:red">Studios</span> <span style="color:green"><br><span style="text-indent: 40px"> SELECT count(video_key) as cnt from metatags_filedb WHERE  library = 'Pornhub'<br>AND  studio  LIKE "stuff" and substudio is null GROUP BY studio ORDER BY studio<br>ASC </span> </span><br>
12/17,8:19pm>INFO><span style="color:blue">home.php:48:</span>:<span style="color:red">Sub studios</span> <span style="color:green"><br><span style="text-indent: 40px"> SELECT count(substudio) as cnt, substudio from metatags_filedb WHERE  library =<br>'Pornhub' AND  studio   LIKE "stuff" GROUP BY substudio ORDER BY substudio ASC  </span> </span><br>
12/17,8:19pm>INFO><span style="color:blue">header.inc.php:53:</span>:<span style="color:red">in_directory </span> <span style="color:green"><br><span style="text-indent: 40px"> Pornhub </span> </span><br>
12/17,8:19pm>INFO><span style="color:blue">header.inc.php:54:</span>:<span style="color:red">_SESSION _SESSION </span> <span style="color:green"><br><span style="text-indent: 40px"> array (   'library' => 'Pornhub',   'direction' => 'DESC',   'sort' =><br>'studio', ) </span> </span><br>
12/17,8:19pm>INFO><span style="color:blue">header.inc.php:47:</span>:<span style="color:red">start for genre</span> <br>
12/17,8:19pm>INFO><span style="color:blue">header.inc.php:53:</span>:<span style="color:red">in_directory </span> <span style="color:green"><br><span style="text-indent: 40px"> Pornhub </span> </span><br>
12/17,8:19pm>INFO><span style="color:blue">header.inc.php:54:</span>:<span style="color:red">_SESSION _SESSION </span> <span style="color:green"><br><span style="text-indent: 40px"> array (   'library' => 'Pornhub',   'direction' => 'DESC',   'sort' =><br>'studio', ) </span> </span><br>
12/17,8:19pm>INFO><span style="color:blue">genre.php:54:</span>:<span style="color:red">qyefasd</span> <span style="color:green"><br><span style="text-indent: 40px"> SELECT DISTINCT(genre) as genre, count(genre) as cnt  from metatags_filedb WHERE<br> library = 'Pornhub' AND studio = 'Amateur'  and substudio is null  GROUP BY<br>genre ORDER BY genre ASC </span> </span><br>
12/17,8:19pm>INFO><span style="color:blue">header.inc.php:53:</span>:<span style="color:red">in_directory </span> <span style="color:green"><br><span style="text-indent: 40px"> Pornhub </span> </span><br>
12/17,8:19pm>INFO><span style="color:blue">header.inc.php:54:</span>:<span style="color:red">_SESSION _SESSION </span> <span style="color:green"><br><span style="text-indent: 40px"> array (   'library' => 'Pornhub',   'direction' => 'DESC',   'sort' =><br>'studio', ) </span> </span><br>
12/17,8:19pm>INFO><span style="color:blue">header.inc.php:47:</span>:<span style="color:red">start for files</span> <br>
12/17,8:19pm>INFO><span style="color:blue">header.inc.php:53:</span>:<span style="color:red">in_directory </span> <span style="color:green"><br><span style="text-indent: 40px"> Pornhub </span> </span><br>
12/17,8:19pm>INFO><span style="color:blue">header.inc.php:54:</span>:<span style="color:red">_SESSION _SESSION </span> <span style="color:green"><br><span style="text-indent: 40px"> array (   'library' => 'Pornhub',   'direction' => 'DESC',   'sort' =><br>'studio', ) </span> </span><br>
12/17,8:19pm>INFO><span style="color:blue">files.php:77:</span>:<span style="color:red">qyefasd</span> <span style="color:green"><br><span style="text-indent: 40px"> SELECT<br>id,video_key,filename,thumbnail,title,artist,genre,studio,substudio,duration,favorite,fullpath<br>from metatags_filedb WHERE substudio IS NULL AND studio = 'Amateur' AND library<br>= 'Pornhub' ORDER BY studio DESC LIMIT 20 </span> </span><br>
12/17,8:19pm>INFO><span style="color:blue">header.inc.php:53:</span>:<span style="color:red">in_directory </span> <span style="color:green"><br><span style="text-indent: 40px"> Pornhub </span> </span><br>
12/17,8:19pm>INFO><span style="color:blue">header.inc.php:54:</span>:<span style="color:red">_SESSION _SESSION </span> <span style="color:green"><br><span style="text-indent: 40px"> array (   'library' => 'Pornhub',   'direction' => 'DESC',   'sort' =><br>'studio', ) </span> </span><br>
